2014-05-16 22:58:05,840 [Worker-2] INFO  c.n.h.c.p.n.NettyAsyncHttpProvider - Number of application's worked threads is 8
2014-05-16 22:58:10,886 [New I/O client worker #1-1] INFO  o.e.m.c.i.e.AbstractTransferListenerAdapter - Downloading http://repo.maven.apache.org/maven2/org/apache/maven/plugins/maven-clean-plugin/2.4.1/maven-clean-plugin-2.4.1.jar
2014-05-16 22:58:11,292 [New I/O client worker #1-1] INFO  o.e.m.c.i.e.AbstractTransferListenerAdapter - Downloaded http://repo.maven.apache.org/maven2/org/apache/maven/plugins/maven-clean-plugin/2.4.1/maven-clean-plugin-2.4.1.jar
2014-05-16 22:58:11,953 [Worker-2] WARN  o.e.m.c.i.embedder.EclipseLogger - Failed to dispatch repository event to org.eclipse.m2e.core.internal.embedder.EclipseRepositoryListener: null
2014-05-16 22:58:11,958 [Worker-2] INFO  c.n.h.c.p.n.NettyAsyncHttpProvider - Number of application's worked threads is 8
2014-05-16 22:58:12,609 [New I/O client worker #2-1] INFO  o.e.m.c.i.e.AbstractTransferListenerAdapter - Downloading http://repo.maven.apache.org/maven2/org/apache/maven/plugins/maven-resources-plugin/2.5/maven-resources-plugin-2.5.jar
2014-05-16 22:58:12,942 [New I/O client worker #2-1] INFO  o.e.m.c.i.e.AbstractTransferListenerAdapter - Downloaded http://repo.maven.apache.org/maven2/org/apache/maven/plugins/maven-resources-plugin/2.5/maven-resources-plugin-2.5.jar
2014-05-16 22:58:13,522 [Worker-2] INFO  c.n.h.c.p.n.NettyAsyncHttpProvider - Number of application's worked threads is 8
2014-05-16 22:58:14,260 [New I/O client worker #3-1] INFO  o.e.m.c.i.e.AbstractTransferListenerAdapter - Downloading http://repo.maven.apache.org/maven2/org/apache/maven/plugins/maven-compiler-plugin/2.3.2/maven-compiler-plugin-2.3.2.jar
2014-05-16 22:58:14,937 [New I/O client worker #3-1] INFO  o.e.m.c.i.e.AbstractTransferListenerAdapter - Downloaded http://repo.maven.apache.org/maven2/org/apache/maven/plugins/maven-compiler-plugin/2.3.2/maven-compiler-plugin-2.3.2.jar
2014-05-16 22:58:15,462 [Worker-2] INFO  c.n.h.c.p.n.NettyAsyncHttpProvider - Number of application's worked threads is 8
2014-05-16 22:58:16,149 [New I/O client worker #4-1] INFO  o.e.m.c.i.e.AbstractTransferListenerAdapter - Downloading http://repo.maven.apache.org/maven2/org/apache/maven/plugins/maven-surefire-plugin/2.10/maven-surefire-plugin-2.10.jar
2014-05-16 22:58:16,509 [New I/O client worker #4-1] INFO  o.e.m.c.i.e.AbstractTransferListenerAdapter - Downloaded http://repo.maven.apache.org/maven2/org/apache/maven/plugins/maven-surefire-plugin/2.10/maven-surefire-plugin-2.10.jar
2014-05-16 22:58:17,048 [Worker-2] INFO  c.n.h.c.p.n.NettyAsyncHttpProvider - Number of application's worked threads is 8
2014-05-16 22:58:17,709 [New I/O client worker #5-1] INFO  o.e.m.c.i.e.AbstractTransferListenerAdapter - Downloading http://repo.maven.apache.org/maven2/org/apache/maven/plugins/maven-jar-plugin/2.3.2/maven-jar-plugin-2.3.2.jar
2014-05-16 22:58:18,381 [New I/O client worker #5-1] INFO  o.e.m.c.i.e.AbstractTransferListenerAdapter - Downloaded http://repo.maven.apache.org/maven2/org/apache/maven/plugins/maven-jar-plugin/2.3.2/maven-jar-plugin-2.3.2.jar
2014-05-16 22:58:18,871 [Worker-2] INFO  c.n.h.c.p.n.NettyAsyncHttpProvider - Number of application's worked threads is 8
2014-05-16 22:58:19,609 [New I/O client worker #6-1] INFO  o.e.m.c.i.e.AbstractTransferListenerAdapter - Downloading http://repo.maven.apache.org/maven2/org/apache/maven/plugins/maven-install-plugin/2.3.1/maven-install-plugin-2.3.1.jar
2014-05-16 22:58:19,998 [New I/O client worker #6-1] INFO  o.e.m.c.i.e.AbstractTransferListenerAdapter - Downloaded http://repo.maven.apache.org/maven2/org/apache/maven/plugins/maven-install-plugin/2.3.1/maven-install-plugin-2.3.1.jar
2014-05-16 22:58:20,484 [Worker-2] INFO  c.n.h.c.p.n.NettyAsyncHttpProvider - Number of application's worked threads is 8
2014-05-16 22:58:21,149 [New I/O client worker #7-1] INFO  o.e.m.c.i.e.AbstractTransferListenerAdapter - Downloading http://repo.maven.apache.org/maven2/org/apache/maven/plugins/maven-deploy-plugin/2.7/maven-deploy-plugin-2.7.jar
2014-05-16 22:58:21,480 [New I/O client worker #7-1] INFO  o.e.m.c.i.e.AbstractTransferListenerAdapter - Downloaded http://repo.maven.apache.org/maven2/org/apache/maven/plugins/maven-deploy-plugin/2.7/maven-deploy-plugin-2.7.jar
2014-05-16 22:58:22,030 [Worker-2] INFO  c.n.h.c.p.n.NettyAsyncHttpProvider - Number of application's worked threads is 8
2014-05-16 22:58:22,698 [New I/O client worker #8-1] INFO  o.e.m.c.i.e.AbstractTransferListenerAdapter - Downloading http://repo.maven.apache.org/maven2/org/apache/maven/plugins/maven-site-plugin/3.0/maven-site-plugin-3.0.jar
2014-05-16 22:58:23,977 [New I/O client worker #8-1] INFO  o.e.m.c.i.e.AbstractTransferListenerAdapter - Downloaded http://repo.maven.apache.org/maven2/org/apache/maven/plugins/maven-site-plugin/3.0/maven-site-plugin-3.0.jar
2014-05-16 22:58:24,497 [Worker-2] WARN  o.e.m.c.i.embedder.EclipseLogger - Failed to dispatch repository event to org.eclipse.m2e.core.internal.embedder.EclipseRepositoryListener: null
2014-05-16 22:58:24,525 [Worker-2] INFO  c.n.h.c.p.n.NettyAsyncHttpProvider - Number of application's worked threads is 8
2014-05-16 22:58:25,232 [New I/O client worker #9-1] INFO  o.e.m.c.i.e.AbstractTransferListenerAdapter - Downloading http://repo.maven.apache.org/maven2/org/apache/maven/plugins/maven-compiler-plugin/2.3.2/maven-compiler-plugin-2.3.2.pom
2014-05-16 22:58:25,233 [New I/O client worker #9-1] INFO  o.e.m.c.i.e.AbstractTransferListenerAdapter - Downloaded http://repo.maven.apache.org/maven2/org/apache/maven/plugins/maven-compiler-plugin/2.3.2/maven-compiler-plugin-2.3.2.pom
2014-05-16 22:58:25,623 [Worker-2] INFO  c.n.h.c.p.n.NettyAsyncHttpProvider - Number of application's worked threads is 8
2014-05-16 22:58:26,459 [New I/O client worker #10-1] INFO  o.e.m.c.i.e.AbstractTransferListenerAdapter - Downloading http://repo.maven.apache.org/maven2/org/apache/maven/plugins/maven-plugins/18/maven-plugins-18.pom
2014-05-16 22:58:26,488 [New I/O client worker #10-1] INFO  o.e.m.c.i.e.AbstractTransferListenerAdapter - Downloaded http://repo.maven.apache.org/maven2/org/apache/maven/plugins/maven-plugins/18/maven-plugins-18.pom
2014-05-16 22:58:26,882 [Worker-2] INFO  c.n.h.c.p.n.NettyAsyncHttpProvider - Number of application's worked threads is 8
2014-05-16 22:58:27,530 [New I/O client worker #11-1] INFO  o.e.m.c.i.e.AbstractTransferListenerAdapter - Downloading http://repo.maven.apache.org/maven2/org/apache/maven/maven-parent/16/maven-parent-16.pom
2014-05-16 22:58:27,859 [New I/O client worker #11-1] INFO  o.e.m.c.i.e.AbstractTransferListenerAdapter - Downloaded http://repo.maven.apache.org/maven2/org/apache/maven/maven-parent/16/maven-parent-16.pom
2014-05-16 22:58:28,259 [Worker-2] INFO  c.n.h.c.p.n.NettyAsyncHttpProvider - Number of application's worked threads is 8
2014-05-16 22:58:28,979 [New I/O client worker #12-1] INFO  o.e.m.c.i.e.AbstractTransferListenerAdapter - Downloading http://repo.maven.apache.org/maven2/org/apache/apache/7/apache-7.pom
2014-05-16 22:58:29,297 [New I/O client worker #12-1] INFO  o.e.m.c.i.e.AbstractTransferListenerAdapter - Downloaded http://repo.maven.apache.org/maven2/org/apache/apache/7/apache-7.pom
2014-05-16 22:58:29,742 [Worker-2] INFO  c.n.h.c.p.n.NettyAsyncHttpProvider - Number of application's worked threads is 8
2014-05-16 22:58:30,478 [New I/O client worker #13-1] INFO  o.e.m.c.i.e.AbstractTransferListenerAdapter - Downloading http://repo.maven.apache.org/maven2/org/apache/maven/maven-plugin-api/2.0.6/maven-plugin-api-2.0.6.pom
2014-05-16 22:58:30,479 [New I/O client worker #13-1] INFO  o.e.m.c.i.e.AbstractTransferListenerAdapter - Downloaded http://repo.maven.apache.org/maven2/org/apache/maven/maven-plugin-api/2.0.6/maven-plugin-api-2.0.6.pom
2014-05-16 22:58:30,829 [Worker-2] INFO  c.n.h.c.p.n.NettyAsyncHttpProvider - Number of application's worked threads is 8
2014-05-16 22:58:31,499 [New I/O client worker #14-1] INFO  o.e.m.c.i.e.AbstractTransferListenerAdapter - Downloading http://repo.maven.apache.org/maven2/org/apache/maven/maven/2.0.6/maven-2.0.6.pom
2014-05-16 22:58:31,509 [New I/O client worker #14-1] INFO  o.e.m.c.i.e.AbstractTransferListenerAdapter - Downloaded http://repo.maven.apache.org/maven2/org/apache/maven/maven/2.0.6/maven-2.0.6.pom
2014-05-16 22:58:31,925 [Worker-2] INFO  c.n.h.c.p.n.NettyAsyncHttpProvider - Number of application's worked threads is 8
2014-05-16 22:58:32,598 [New I/O client worker #15-1] INFO  o.e.m.c.i.e.AbstractTransferListenerAdapter - Downloading http://repo.maven.apache.org/maven2/org/apache/maven/maven-parent/5/maven-parent-5.pom
2014-05-16 22:58:32,927 [New I/O client worker #15-1] INFO  o.e.m.c.i.e.AbstractTransferListenerAdapter - Downloaded http://repo.maven.apache.org/maven2/org/apache/maven/maven-parent/5/maven-parent-5.pom
2014-05-16 22:58:33,351 [Worker-2] INFO  c.n.h.c.p.n.NettyAsyncHttpProvider - Number of application's worked threads is 8
2014-05-16 22:58:34,139 [New I/O client worker #16-1] INFO  o.e.m.c.i.e.AbstractTransferListenerAdapter - Downloading http://repo.maven.apache.org/maven2/org/apache/apache/3/apache-3.pom
2014-05-16 22:58:34,140 [New I/O client worker #16-1] INFO  o.e.m.c.i.e.AbstractTransferListenerAdapter - Downloaded http://repo.maven.apache.org/maven2/org/apache/apache/3/apache-3.pom
2014-05-16 22:58:34,519 [Worker-2] INFO  c.n.h.c.p.n.NettyAsyncHttpProvider - Number of application's worked threads is 8
2014-05-16 22:58:35,218 [New I/O client worker #17-1] INFO  o.e.m.c.i.e.AbstractTransferListenerAdapter - Downloading http://repo.maven.apache.org/maven2/org/apache/maven/maven-artifact/2.0.6/maven-artifact-2.0.6.pom
2014-05-16 22:58:35,221 [New I/O client worker #17-1] INFO  o.e.m.c.i.e.AbstractTransferListenerAdapter - Downloaded http://repo.maven.apache.org/maven2/org/apache/maven/maven-artifact/2.0.6/maven-artifact-2.0.6.pom
2014-05-16 22:58:35,618 [Worker-2] INFO  c.n.h.c.p.n.NettyAsyncHttpProvider - Number of application's worked threads is 8
2014-05-16 22:58:36,367 [New I/O client worker #18-1] INFO  o.e.m.c.i.e.AbstractTransferListenerAdapter - Downloading http://repo.maven.apache.org/maven2/org/codehaus/plexus/plexus-utils/1.4.1/plexus-utils-1.4.1.pom
2014-05-16 22:58:36,368 [New I/O client worker #18-1] INFO  o.e.m.c.i.e.AbstractTransferListenerAdapter - Downloaded http://repo.maven.apache.org/maven2/org/codehaus/plexus/plexus-utils/1.4.1/plexus-utils-1.4.1.pom
2014-05-16 22:58:36,732 [Worker-2] INFO  c.n.h.c.p.n.NettyAsyncHttpProvider - Number of application's worked threads is 8
2014-05-16 22:58:37,368 [New I/O client worker #19-1] INFO  o.e.m.c.i.e.AbstractTransferListenerAdapter - Downloading http://repo.maven.apache.org/maven2/org/codehaus/plexus/plexus/1.0.11/plexus-1.0.11.pom
2014-05-16 22:58:37,388 [New I/O client worker #19-1] INFO  o.e.m.c.i.e.AbstractTransferListenerAdapter - Downloaded http://repo.maven.apache.org/maven2/org/codehaus/plexus/plexus/1.0.11/plexus-1.0.11.pom
2014-05-16 22:58:37,786 [Worker-2] INFO  c.n.h.c.p.n.NettyAsyncHttpProvider - Number of application's worked threads is 8
2014-05-16 22:58:38,569 [New I/O client worker #20-1] INFO  o.e.m.c.i.e.AbstractTransferListenerAdapter - Downloading http://repo.maven.apache.org/maven2/org/apache/maven/maven-core/2.0.6/maven-core-2.0.6.pom
2014-05-16 22:58:38,571 [New I/O client worker #20-1] INFO  o.e.m.c.i.e.AbstractTransferListenerAdapter - Downloaded http://repo.maven.apache.org/maven2/org/apache/maven/maven-core/2.0.6/maven-core-2.0.6.pom
2014-05-16 22:58:38,973 [Worker-2] INFO  c.n.h.c.p.n.NettyAsyncHttpProvider - Number of application's worked threads is 8
2014-05-16 22:58:39,698 [New I/O client worker #21-1] INFO  o.e.m.c.i.e.AbstractTransferListenerAdapter - Downloading http://repo.maven.apache.org/maven2/org/apache/maven/maven-settings/2.0.6/maven-settings-2.0.6.pom
2014-05-16 22:58:39,699 [New I/O client worker #21-1] INFO  o.e.m.c.i.e.AbstractTransferListenerAdapter - Downloaded http://repo.maven.apache.org/maven2/org/apache/maven/maven-settings/2.0.6/maven-settings-2.0.6.pom
2014-05-16 22:58:40,087 [Worker-2] INFO  c.n.h.c.p.n.NettyAsyncHttpProvider - Number of application's worked threads is 8
2014-05-16 22:58:40,787 [New I/O client worker #22-1] INFO  o.e.m.c.i.e.AbstractTransferListenerAdapter - Downloading http://repo.maven.apache.org/maven2/org/apache/maven/maven-model/2.0.6/maven-model-2.0.6.pom
2014-05-16 22:58:40,788 [New I/O client worker #22-1] INFO  o.e.m.c.i.e.AbstractTransferListenerAdapter - Downloaded http://repo.maven.apache.org/maven2/org/apache/maven/maven-model/2.0.6/maven-model-2.0.6.pom
2014-05-16 22:58:41,163 [Worker-2] INFO  c.n.h.c.p.n.NettyAsyncHttpProvider - Number of application's worked threads is 8
2014-05-16 22:58:41,838 [New I/O client worker #23-1] INFO  o.e.m.c.i.e.AbstractTransferListenerAdapter - Downloading http://repo.maven.apache.org/maven2/org/apache/maven/maven-plugin-parameter-documenter/2.0.6/maven-plugin-parameter-documenter-2.0.6.pom
2014-05-16 22:58:41,838 [New I/O client worker #23-1] INFO  o.e.m.c.i.e.AbstractTransferListenerAdapter - Downloaded http://repo.maven.apache.org/maven2/org/apache/maven/maven-plugin-parameter-documenter/2.0.6/maven-plugin-parameter-documenter-2.0.6.pom
2014-05-16 22:58:42,234 [Worker-2] INFO  c.n.h.c.p.n.NettyAsyncHttpProvider - Number of application's worked threads is 8
2014-05-16 22:58:42,908 [New I/O client worker #24-1] INFO  o.e.m.c.i.e.AbstractTransferListenerAdapter - Downloading http://repo.maven.apache.org/maven2/org/apache/maven/maven-profile/2.0.6/maven-profile-2.0.6.pom
2014-05-16 22:58:42,909 [New I/O client worker #24-1] INFO  o.e.m.c.i.e.AbstractTransferListenerAdapter - Downloaded http://repo.maven.apache.org/maven2/org/apache/maven/maven-profile/2.0.6/maven-profile-2.0.6.pom
2014-05-16 22:58:43,280 [Worker-2] INFO  c.n.h.c.p.n.NettyAsyncHttpProvider - Number of application's worked threads is 8
2014-05-16 22:58:43,998 [New I/O client worker #25-1] INFO  o.e.m.c.i.e.AbstractTransferListenerAdapter - Downloading http://repo.maven.apache.org/maven2/org/apache/maven/maven-repository-metadata/2.0.6/maven-repository-metadata-2.0.6.pom
2014-05-16 22:58:43,999 [New I/O client worker #25-1] INFO  o.e.m.c.i.e.AbstractTransferListenerAdapter - Downloaded http://repo.maven.apache.org/maven2/org/apache/maven/maven-repository-metadata/2.0.6/maven-repository-metadata-2.0.6.pom
2014-05-16 22:58:44,393 [Worker-2] INFO  c.n.h.c.p.n.NettyAsyncHttpProvider - Number of application's worked threads is 8
2014-05-16 22:58:45,127 [New I/O client worker #26-1] INFO  o.e.m.c.i.e.AbstractTransferListenerAdapter - Downloading http://repo.maven.apache.org/maven2/org/apache/maven/maven-error-diagnostics/2.0.6/maven-error-diagnostics-2.0.6.pom
2014-05-16 22:58:45,128 [New I/O client worker #26-1] INFO  o.e.m.c.i.e.AbstractTransferListenerAdapter - Downloaded http://repo.maven.apache.org/maven2/org/apache/maven/maven-error-diagnostics/2.0.6/maven-error-diagnostics-2.0.6.pom
2014-05-16 22:58:45,478 [Worker-2] INFO  c.n.h.c.p.n.NettyAsyncHttpProvider - Number of application's worked threads is 8
2014-05-16 22:58:46,169 [New I/O client worker #27-1] INFO  o.e.m.c.i.e.AbstractTransferListenerAdapter - Downloading http://repo.maven.apache.org/maven2/org/apache/maven/maven-project/2.0.6/maven-project-2.0.6.pom
2014-05-16 22:58:46,169 [New I/O client worker #27-1] INFO  o.e.m.c.i.e.AbstractTransferListenerAdapter - Downloaded http://repo.maven.apache.org/maven2/org/apache/maven/maven-project/2.0.6/maven-project-2.0.6.pom
2014-05-16 22:58:46,543 [Worker-2] INFO  c.n.h.c.p.n.NettyAsyncHttpProvider - Number of application's worked threads is 8
2014-05-16 22:58:47,219 [New I/O client worker #28-1] INFO  o.e.m.c.i.e.AbstractTransferListenerAdapter - Downloading http://repo.maven.apache.org/maven2/org/apache/maven/maven-artifact-manager/2.0.6/maven-artifact-manager-2.0.6.pom
2014-05-16 22:58:47,220 [New I/O client worker #28-1] INFO  o.e.m.c.i.e.AbstractTransferListenerAdapter - Downloaded http://repo.maven.apache.org/maven2/org/apache/maven/maven-artifact-manager/2.0.6/maven-artifact-manager-2.0.6.pom
2014-05-16 22:58:47,625 [Worker-2] INFO  c.n.h.c.p.n.NettyAsyncHttpProvider - Number of application's worked threads is 8
2014-05-16 22:58:48,397 [New I/O client worker #29-1] INFO  o.e.m.c.i.e.AbstractTransferListenerAdapter - Downloading http://repo.maven.apache.org/maven2/org/apache/maven/maven-plugin-registry/2.0.6/maven-plugin-registry-2.0.6.pom
2014-05-16 22:58:48,398 [New I/O client worker #29-1] INFO  o.e.m.c.i.e.AbstractTransferListenerAdapter - Downloaded http://repo.maven.apache.org/maven2/org/apache/maven/maven-plugin-registry/2.0.6/maven-plugin-registry-2.0.6.pom
2014-05-16 22:58:48,799 [Worker-2] INFO  c.n.h.c.p.n.NettyAsyncHttpProvider - Number of application's worked threads is 8
2014-05-16 22:58:49,507 [New I/O client worker #30-1] INFO  o.e.m.c.i.e.AbstractTransferListenerAdapter - Downloading http://repo.maven.apache.org/maven2/org/apache/maven/maven-plugin-descriptor/2.0.6/maven-plugin-descriptor-2.0.6.pom
2014-05-16 22:58:49,508 [New I/O client worker #30-1] INFO  o.e.m.c.i.e.AbstractTransferListenerAdapter - Downloaded http://repo.maven.apache.org/maven2/org/apache/maven/maven-plugin-descriptor/2.0.6/maven-plugin-descriptor-2.0.6.pom
2014-05-16 22:58:49,885 [Worker-2] INFO  c.n.h.c.p.n.NettyAsyncHttpProvider - Number of application's worked threads is 8
2014-05-16 22:58:50,577 [New I/O client worker #31-1] INFO  o.e.m.c.i.e.AbstractTransferListenerAdapter - Downloading http://repo.maven.apache.org/maven2/org/apache/maven/maven-monitor/2.0.6/maven-monitor-2.0.6.pom
2014-05-16 22:58:50,578 [New I/O client worker #31-1] INFO  o.e.m.c.i.e.AbstractTransferListenerAdapter - Downloaded http://repo.maven.apache.org/maven2/org/apache/maven/maven-monitor/2.0.6/maven-monitor-2.0.6.pom
2014-05-16 22:58:50,970 [Worker-2] INFO  c.n.h.c.p.n.NettyAsyncHttpProvider - Number of application's worked threads is 8
2014-05-16 22:58:51,668 [New I/O client worker #32-1] INFO  o.e.m.c.i.e.AbstractTransferListenerAdapter - Downloading http://repo.maven.apache.org/maven2/org/apache/maven/maven-toolchain/1.0/maven-toolchain-1.0.pom
2014-05-16 22:58:51,669 [New I/O client worker #32-1] INFO  o.e.m.c.i.e.AbstractTransferListenerAdapter - Downloaded http://repo.maven.apache.org/maven2/org/apache/maven/maven-toolchain/1.0/maven-toolchain-1.0.pom
2014-05-16 22:58:52,035 [Worker-2] INFO  c.n.h.c.p.n.NettyAsyncHttpProvider - Number of application's worked threads is 8
2014-05-16 22:58:52,730 [New I/O client worker #33-1] INFO  o.e.m.c.i.e.AbstractTransferListenerAdapter - Downloading http://repo.maven.apache.org/maven2/org/codehaus/plexus/plexus-container-default/1.0-alpha-9-stable-1/plexus-container-default-1.0-alpha-9-stable-1.pom
2014-05-16 22:58:52,731 [New I/O client worker #33-1] INFO  o.e.m.c.i.e.AbstractTransferListenerAdapter - Downloaded http://repo.maven.apache.org/maven2/org/codehaus/plexus/plexus-container-default/1.0-alpha-9-stable-1/plexus-container-default-1.0-alpha-9-stable-1.pom
2014-05-16 22:58:53,114 [Worker-2] INFO  c.n.h.c.p.n.NettyAsyncHttpProvider - Number of application's worked threads is 8
2014-05-16 22:58:53,767 [New I/O client worker #34-1] INFO  o.e.m.c.i.e.AbstractTransferListenerAdapter - Downloading http://repo.maven.apache.org/maven2/org/codehaus/plexus/plexus-containers/1.0.3/plexus-containers-1.0.3.pom
2014-05-16 22:58:53,768 [New I/O client worker #34-1] INFO  o.e.m.c.i.e.AbstractTransferListenerAdapter - Downloaded http://repo.maven.apache.org/maven2/org/codehaus/plexus/plexus-containers/1.0.3/plexus-containers-1.0.3.pom
2014-05-16 22:58:54,113 [Worker-2] INFO  c.n.h.c.p.n.NettyAsyncHttpProvider - Number of application's worked threads is 8
2014-05-16 22:58:54,777 [New I/O client worker #35-1] INFO  o.e.m.c.i.e.AbstractTransferListenerAdapter - Downloading http://repo.maven.apache.org/maven2/org/codehaus/plexus/plexus/1.0.4/plexus-1.0.4.pom
2014-05-16 22:58:54,778 [New I/O client worker #35-1] INFO  o.e.m.c.i.e.AbstractTransferListenerAdapter - Downloaded http://repo.maven.apache.org/maven2/org/codehaus/plexus/plexus/1.0.4/plexus-1.0.4.pom
2014-05-16 22:58:55,157 [Worker-2] INFO  c.n.h.c.p.n.NettyAsyncHttpProvider - Number of application's worked threads is 8
2014-05-16 22:58:55,837 [New I/O client worker #36-1] INFO  o.e.m.c.i.e.AbstractTransferListenerAdapter - Downloading http://repo.maven.apache.org/maven2/junit/junit/3.8.1/junit-3.8.1.pom
2014-05-16 22:58:55,838 [New I/O client worker #36-1] INFO  o.e.m.c.i.e.AbstractTransferListenerAdapter - Downloaded http://repo.maven.apache.org/maven2/junit/junit/3.8.1/junit-3.8.1.pom
2014-05-16 22:58:56,218 [Worker-2] INFO  c.n.h.c.p.n.NettyAsyncHttpProvider - Number of application's worked threads is 8
2014-05-16 22:58:56,909 [New I/O client worker #37-1] INFO  o.e.m.c.i.e.AbstractTransferListenerAdapter - Downloading http://repo.maven.apache.org/maven2/org/codehaus/plexus/plexus-utils/1.0.4/plexus-utils-1.0.4.pom
2014-05-16 22:58:56,911 [New I/O client worker #37-1] INFO  o.e.m.c.i.e.AbstractTransferListenerAdapter - Downloaded http://repo.maven.apache.org/maven2/org/codehaus/plexus/plexus-utils/1.0.4/plexus-utils-1.0.4.pom
2014-05-16 22:58:57,267 [Worker-2] INFO  c.n.h.c.p.n.NettyAsyncHttpProvider - Number of application's worked threads is 8
2014-05-16 22:58:57,988 [New I/O client worker #38-1] INFO  o.e.m.c.i.e.AbstractTransferListenerAdapter - Downloading http://repo.maven.apache.org/maven2/classworlds/classworlds/1.1-alpha-2/classworlds-1.1-alpha-2.pom
2014-05-16 22:58:57,989 [New I/O client worker #38-1] INFO  o.e.m.c.i.e.AbstractTransferListenerAdapter - Downloaded http://repo.maven.apache.org/maven2/classworlds/classworlds/1.1-alpha-2/classworlds-1.1-alpha-2.pom
2014-05-16 22:58:58,617 [Worker-2] INFO  c.n.h.c.p.n.NettyAsyncHttpProvider - Number of application's worked threads is 8
2014-05-16 22:58:59,376 [New I/O client worker #39-1] INFO  o.e.m.c.i.e.AbstractTransferListenerAdapter - Downloading http://repo.maven.apache.org/maven2/org/apache/maven/reporting/maven-reporting-api/2.0.6/maven-reporting-api-2.0.6.pom
2014-05-16 22:58:59,377 [New I/O client worker #39-1] INFO  o.e.m.c.i.e.AbstractTransferListenerAdapter - Downloaded http://repo.maven.apache.org/maven2/org/apache/maven/reporting/maven-reporting-api/2.0.6/maven-reporting-api-2.0.6.pom
2014-05-16 22:58:59,734 [Worker-2] INFO  c.n.h.c.p.n.NettyAsyncHttpProvider - Number of application's worked threads is 8
2014-05-16 22:59:00,387 [New I/O client worker #40-1] INFO  o.e.m.c.i.e.AbstractTransferListenerAdapter - Downloading http://repo.maven.apache.org/maven2/org/apache/maven/reporting/maven-reporting/2.0.6/maven-reporting-2.0.6.pom
2014-05-16 22:59:00,388 [New I/O client worker #40-1] INFO  o.e.m.c.i.e.AbstractTransferListenerAdapter - Downloaded http://repo.maven.apache.org/maven2/org/apache/maven/reporting/maven-reporting/2.0.6/maven-reporting-2.0.6.pom
2014-05-16 22:59:00,738 [Worker-2] INFO  c.n.h.c.p.n.NettyAsyncHttpProvider - Number of application's worked threads is 8
2014-05-16 22:59:01,448 [New I/O client worker #41-1] INFO  o.e.m.c.i.e.AbstractTransferListenerAdapter - Downloading http://repo.maven.apache.org/maven2/org/apache/maven/doxia/doxia-sink-api/1.0-alpha-7/doxia-sink-api-1.0-alpha-7.pom
2014-05-16 22:59:01,449 [New I/O client worker #41-1] INFO  o.e.m.c.i.e.AbstractTransferListenerAdapter - Downloaded http://repo.maven.apache.org/maven2/org/apache/maven/doxia/doxia-sink-api/1.0-alpha-7/doxia-sink-api-1.0-alpha-7.pom
2014-05-16 22:59:01,803 [Worker-2] INFO  c.n.h.c.p.n.NettyAsyncHttpProvider - Number of application's worked threads is 8
2014-05-16 22:59:02,509 [New I/O client worker #42-1] INFO  o.e.m.c.i.e.AbstractTransferListenerAdapter - Downloading http://repo.maven.apache.org/maven2/org/apache/maven/doxia/doxia/1.0-alpha-7/doxia-1.0-alpha-7.pom
2014-05-16 22:59:02,510 [New I/O client worker #42-1] INFO  o.e.m.c.i.e.AbstractTransferListenerAdapter - Downloaded http://repo.maven.apache.org/maven2/org/apache/maven/doxia/doxia/1.0-alpha-7/doxia-1.0-alpha-7.pom
2014-05-16 22:59:02,872 [Worker-2] INFO  c.n.h.c.p.n.NettyAsyncHttpProvider - Number of application's worked threads is 8
2014-05-16 22:59:03,568 [New I/O client worker #43-1] INFO  o.e.m.c.i.e.AbstractTransferListenerAdapter - Downloading http://repo.maven.apache.org/maven2/commons-cli/commons-cli/1.0/commons-cli-1.0.pom
2014-05-16 22:59:03,568 [New I/O client worker #43-1] INFO  o.e.m.c.i.e.AbstractTransferListenerAdapter - Downloaded http://repo.maven.apache.org/maven2/commons-cli/commons-cli/1.0/commons-cli-1.0.pom
2014-05-16 22:59:03,905 [Worker-2] INFO  c.n.h.c.p.n.NettyAsyncHttpProvider - Number of application's worked threads is 8
2014-05-16 22:59:04,888 [New I/O client worker #44-1] INFO  o.e.m.c.i.e.AbstractTransferListenerAdapter - Downloading http://repo.maven.apache.org/maven2/org/codehaus/plexus/plexus-interactivity-api/1.0-alpha-4/plexus-interactivity-api-1.0-alpha-4.pom
2014-05-16 22:59:04,889 [New I/O client worker #44-1] INFO  o.e.m.c.i.e.AbstractTransferListenerAdapter - Downloaded http://repo.maven.apache.org/maven2/org/codehaus/plexus/plexus-interactivity-api/1.0-alpha-4/plexus-interactivity-api-1.0-alpha-4.pom
2014-05-16 22:59:05,278 [Worker-2] INFO  c.n.h.c.p.n.NettyAsyncHttpProvider - Number of application's worked threads is 8
2014-05-16 22:59:05,969 [New I/O client worker #45-1] INFO  o.e.m.c.i.e.AbstractTransferListenerAdapter - Downloading http://repo.maven.apache.org/maven2/classworlds/classworlds/1.1/classworlds-1.1.pom
2014-05-16 22:59:05,970 [New I/O client worker #45-1] INFO  o.e.m.c.i.e.AbstractTransferListenerAdapter - Downloaded http://repo.maven.apache.org/maven2/classworlds/classworlds/1.1/classworlds-1.1.pom
2014-05-16 22:59:06,376 [Worker-2] INFO  c.n.h.c.p.n.NettyAsyncHttpProvider - Number of application's worked threads is 8
2014-05-16 22:59:07,049 [New I/O client worker #46-1] INFO  o.e.m.c.i.e.AbstractTransferListenerAdapter - Downloading http://repo.maven.apache.org/maven2/org/codehaus/plexus/plexus-utils/2.0.5/plexus-utils-2.0.5.pom
2014-05-16 22:59:07,050 [New I/O client worker #46-1] INFO  o.e.m.c.i.e.AbstractTransferListenerAdapter - Downloaded http://repo.maven.apache.org/maven2/org/codehaus/plexus/plexus-utils/2.0.5/plexus-utils-2.0.5.pom
2014-05-16 22:59:07,417 [Worker-2] INFO  c.n.h.c.p.n.NettyAsyncHttpProvider - Number of application's worked threads is 8
2014-05-16 22:59:08,128 [New I/O client worker #47-1] INFO  o.e.m.c.i.e.AbstractTransferListenerAdapter - Downloading http://repo.maven.apache.org/maven2/org/codehaus/plexus/plexus/2.0.6/plexus-2.0.6.pom
2014-05-16 22:59:08,448 [New I/O client worker #47-1] INFO  o.e.m.c.i.e.AbstractTransferListenerAdapter - Downloaded http://repo.maven.apache.org/maven2/org/codehaus/plexus/plexus/2.0.6/plexus-2.0.6.pom
2014-05-16 22:59:08,822 [Worker-2] INFO  c.n.h.c.p.n.NettyAsyncHttpProvider - Number of application's worked threads is 8
2014-05-16 22:59:09,538 [New I/O client worker #48-1] INFO  o.e.m.c.i.e.AbstractTransferListenerAdapter - Downloading http://repo.maven.apache.org/maven2/org/codehaus/plexus/plexus-compiler-api/1.8.1/plexus-compiler-api-1.8.1.pom
2014-05-16 22:59:09,538 [New I/O client worker #48-1] INFO  o.e.m.c.i.e.AbstractTransferListenerAdapter - Downloaded http://repo.maven.apache.org/maven2/org/codehaus/plexus/plexus-compiler-api/1.8.1/plexus-compiler-api-1.8.1.pom
2014-05-16 22:59:09,864 [Worker-2] INFO  c.n.h.c.p.n.NettyAsyncHttpProvider - Number of application's worked threads is 8
2014-05-16 22:59:10,537 [New I/O client worker #49-1] INFO  o.e.m.c.i.e.AbstractTransferListenerAdapter - Downloading http://repo.maven.apache.org/maven2/org/codehaus/plexus/plexus-compiler/1.8.1/plexus-compiler-1.8.1.pom
2014-05-16 22:59:10,538 [New I/O client worker #49-1] INFO  o.e.m.c.i.e.AbstractTransferListenerAdapter - Downloaded http://repo.maven.apache.org/maven2/org/codehaus/plexus/plexus-compiler/1.8.1/plexus-compiler-1.8.1.pom
2014-05-16 22:59:10,873 [Worker-2] INFO  c.n.h.c.p.n.NettyAsyncHttpProvider - Number of application's worked threads is 8
2014-05-16 22:59:11,528 [New I/O client worker #50-1] INFO  o.e.m.c.i.e.AbstractTransferListenerAdapter - Downloading http://repo.maven.apache.org/maven2/org/codehaus/plexus/plexus-components/1.1.18/plexus-components-1.1.18.pom
2014-05-16 22:59:11,529 [New I/O client worker #50-1] INFO  o.e.m.c.i.e.AbstractTransferListenerAdapter - Downloaded http://repo.maven.apache.org/maven2/org/codehaus/plexus/plexus-components/1.1.18/plexus-components-1.1.18.pom
2014-05-16 22:59:11,874 [Worker-2] INFO  c.n.h.c.p.n.NettyAsyncHttpProvider - Number of application's worked threads is 8
2014-05-16 22:59:12,808 [New I/O client worker #51-1] INFO  o.e.m.c.i.e.AbstractTransferListenerAdapter - Downloading http://repo.maven.apache.org/maven2/org/codehaus/plexus/plexus/2.0.7/plexus-2.0.7.pom
2014-05-16 22:59:13,167 [New I/O client worker #51-1] INFO  o.e.m.c.i.e.AbstractTransferListenerAdapter - Downloaded http://repo.maven.apache.org/maven2/org/codehaus/plexus/plexus/2.0.7/plexus-2.0.7.pom
2014-05-16 22:59:13,501 [Worker-2] INFO  c.n.h.c.p.n.NettyAsyncHttpProvider - Number of application's worked threads is 8
2014-05-16 22:59:14,218 [New I/O client worker #52-1] INFO  o.e.m.c.i.e.AbstractTransferListenerAdapter - Downloading http://repo.maven.apache.org/maven2/org/codehaus/plexus/plexus-utils/1.5.5/plexus-utils-1.5.5.pom
2014-05-16 22:59:14,219 [New I/O client worker #52-1] INFO  o.e.m.c.i.e.AbstractTransferListenerAdapter - Downloaded http://repo.maven.apache.org/maven2/org/codehaus/plexus/plexus-utils/1.5.5/plexus-utils-1.5.5.pom
2014-05-16 22:59:14,603 [Worker-2] INFO  c.n.h.c.p.n.NettyAsyncHttpProvider - Number of application's worked threads is 8
2014-05-16 22:59:15,287 [New I/O client worker #53-1] INFO  o.e.m.c.i.e.AbstractTransferListenerAdapter - Downloading http://repo.maven.apache.org/maven2/org/codehaus/plexus/plexus-compiler-manager/1.8.1/plexus-compiler-manager-1.8.1.pom
2014-05-16 22:59:15,288 [New I/O client worker #53-1] INFO  o.e.m.c.i.e.AbstractTransferListenerAdapter - Downloaded http://repo.maven.apache.org/maven2/org/codehaus/plexus/plexus-compiler-manager/1.8.1/plexus-compiler-manager-1.8.1.pom
2014-05-16 22:59:15,651 [Worker-2] INFO  c.n.h.c.p.n.NettyAsyncHttpProvider - Number of application's worked threads is 8
2014-05-16 22:59:16,367 [New I/O client worker #54-1] INFO  o.e.m.c.i.e.AbstractTransferListenerAdapter - Downloading http://repo.maven.apache.org/maven2/org/codehaus/plexus/plexus-compiler-javac/1.8.1/plexus-compiler-javac-1.8.1.pom
2014-05-16 22:59:16,367 [New I/O client worker #54-1] INFO  o.e.m.c.i.e.AbstractTransferListenerAdapter - Downloaded http://repo.maven.apache.org/maven2/org/codehaus/plexus/plexus-compiler-javac/1.8.1/plexus-compiler-javac-1.8.1.pom
2014-05-16 22:59:16,704 [Worker-2] INFO  c.n.h.c.p.n.NettyAsyncHttpProvider - Number of application's worked threads is 8
2014-05-16 22:59:17,416 [New I/O client worker #55-1] INFO  o.e.m.c.i.e.AbstractTransferListenerAdapter - Downloading http://repo.maven.apache.org/maven2/org/codehaus/plexus/plexus-compilers/1.8.1/plexus-compilers-1.8.1.pom
2014-05-16 22:59:17,416 [New I/O client worker #55-1] INFO  o.e.m.c.i.e.AbstractTransferListenerAdapter - Downloaded http://repo.maven.apache.org/maven2/org/codehaus/plexus/plexus-compilers/1.8.1/plexus-compilers-1.8.1.pom
2014-05-16 22:59:17,780 [Worker-2] INFO  c.n.h.c.p.n.NettyAsyncHttpProvider - Number of application's worked threads is 8
2014-05-16 22:59:18,417 [New I/O client worker #56-4] INFO  o.e.m.c.i.e.AbstractTransferListenerAdapter - Downloading http://repo.maven.apache.org/maven2/org/codehaus/plexus/plexus-compiler-javac/1.8.1/plexus-compiler-javac-1.8.1.jar
2014-05-16 22:59:18,456 [New I/O client worker #56-4] INFO  o.e.m.c.i.e.AbstractTransferListenerAdapter - Downloaded http://repo.maven.apache.org/maven2/org/codehaus/plexus/plexus-compiler-javac/1.8.1/plexus-compiler-javac-1.8.1.jar
2014-05-16 22:59:18,469 [New I/O client worker #56-1] INFO  o.e.m.c.i.e.AbstractTransferListenerAdapter - Downloading http://repo.maven.apache.org/maven2/org/codehaus/plexus/plexus-utils/2.0.5/plexus-utils-2.0.5.jar
2014-05-16 22:59:18,526 [New I/O client worker #56-3] INFO  o.e.m.c.i.e.AbstractTransferListenerAdapter - Downloading http://repo.maven.apache.org/maven2/org/codehaus/plexus/plexus-compiler-manager/1.8.1/plexus-compiler-manager-1.8.1.jar
2014-05-16 22:59:18,527 [New I/O client worker #56-3] INFO  o.e.m.c.i.e.AbstractTransferListenerAdapter - Downloaded http://repo.maven.apache.org/maven2/org/codehaus/plexus/plexus-compiler-manager/1.8.1/plexus-compiler-manager-1.8.1.jar
2014-05-16 22:59:18,537 [New I/O client worker #56-2] INFO  o.e.m.c.i.e.AbstractTransferListenerAdapter - Downloading http://repo.maven.apache.org/maven2/org/codehaus/plexus/plexus-compiler-api/1.8.1/plexus-compiler-api-1.8.1.jar
2014-05-16 22:59:18,907 [New I/O client worker #56-2] INFO  o.e.m.c.i.e.AbstractTransferListenerAdapter - Downloaded http://repo.maven.apache.org/maven2/org/codehaus/plexus/plexus-compiler-api/1.8.1/plexus-compiler-api-1.8.1.jar
2014-05-16 22:59:20,835 [New I/O client worker #56-1] INFO  o.e.m.c.i.e.AbstractTransferListenerAdapter - Downloaded http://repo.maven.apache.org/maven2/org/codehaus/plexus/plexus-utils/2.0.5/plexus-utils-2.0.5.jar
2014-05-16 22:59:21,818 [Worker-2] INFO  o.e.m.c.i.l.LifecycleMappingFactory - Using org.eclipse.m2e.jdt.JarLifecycleMapping lifecycle mapping for MavenProject: com.ffms:axis:0.0.1-SNAPSHOT @ /home/msffayaza/myPro/axis/axis/pom.xml.
2014-05-16 22:59:21,828 [Worker-2] INFO  c.n.h.c.p.n.NettyAsyncHttpProvider - Number of application's worked threads is 8
2014-05-16 22:59:22,499 [New I/O client worker #57-1] INFO  o.e.m.c.i.e.AbstractTransferListenerAdapter - Downloading http://repo.maven.apache.org/maven2/org/apache/maven/plugins/maven-resources-plugin/2.5/maven-resources-plugin-2.5.pom
2014-05-16 22:59:22,500 [New I/O client worker #57-1] INFO  o.e.m.c.i.e.AbstractTransferListenerAdapter - Downloaded http://repo.maven.apache.org/maven2/org/apache/maven/plugins/maven-resources-plugin/2.5/maven-resources-plugin-2.5.pom
2014-05-16 22:59:22,834 [Worker-2] INFO  c.n.h.c.p.n.NettyAsyncHttpProvider - Number of application's worked threads is 8
2014-05-16 22:59:23,514 [New I/O client worker #58-1] INFO  o.e.m.c.i.e.AbstractTransferListenerAdapter - Downloading http://repo.maven.apache.org/maven2/org/apache/maven/plugins/maven-plugins/19/maven-plugins-19.pom
2014-05-16 22:59:23,526 [New I/O client worker #58-1] INFO  o.e.m.c.i.e.AbstractTransferListenerAdapter - Downloaded http://repo.maven.apache.org/maven2/org/apache/maven/plugins/maven-plugins/19/maven-plugins-19.pom
2014-05-16 22:59:23,873 [Worker-2] INFO  c.n.h.c.p.n.NettyAsyncHttpProvider - Number of application's worked threads is 8
2014-05-16 22:59:24,538 [New I/O client worker #59-1] INFO  o.e.m.c.i.e.AbstractTransferListenerAdapter - Downloading http://repo.maven.apache.org/maven2/org/apache/maven/maven-parent/19/maven-parent-19.pom
2014-05-16 22:59:24,876 [New I/O client worker #59-1] INFO  o.e.m.c.i.e.AbstractTransferListenerAdapter - Downloaded http://repo.maven.apache.org/maven2/org/apache/maven/maven-parent/19/maven-parent-19.pom
2014-05-16 22:59:25,239 [Worker-2] INFO  c.n.h.c.p.n.NettyAsyncHttpProvider - Number of application's worked threads is 8
2014-05-16 22:59:25,878 [New I/O client worker #60-1] INFO  o.e.m.c.i.e.AbstractTransferListenerAdapter - Downloading http://repo.maven.apache.org/maven2/org/apache/apache/9/apache-9.pom
2014-05-16 22:59:26,227 [New I/O client worker #60-1] INFO  o.e.m.c.i.e.AbstractTransferListenerAdapter - Downloaded http://repo.maven.apache.org/maven2/org/apache/apache/9/apache-9.pom
2014-05-16 22:59:26,567 [Worker-2] INFO  c.n.h.c.p.n.NettyAsyncHttpProvider - Number of application's worked threads is 8
2014-05-16 22:59:27,239 [New I/O client worker #61-1] INFO  o.e.m.c.i.e.AbstractTransferListenerAdapter - Downloading http://repo.maven.apache.org/maven2/org/apache/maven/plugins/maven-surefire-plugin/2.10/maven-surefire-plugin-2.10.pom
2014-05-16 22:59:27,259 [New I/O client worker #61-1] INFO  o.e.m.c.i.e.AbstractTransferListenerAdapter - Downloaded http://repo.maven.apache.org/maven2/org/apache/maven/plugins/maven-surefire-plugin/2.10/maven-surefire-plugin-2.10.pom
2014-05-16 22:59:27,615 [Worker-2] INFO  c.n.h.c.p.n.NettyAsyncHttpProvider - Number of application's worked threads is 8
2014-05-16 22:59:28,257 [New I/O client worker #62-1] INFO  o.e.m.c.i.e.AbstractTransferListenerAdapter - Downloading http://repo.maven.apache.org/maven2/org/apache/maven/surefire/surefire/2.10/surefire-2.10.pom
2014-05-16 22:59:28,287 [New I/O client worker #62-1] INFO  o.e.m.c.i.e.AbstractTransferListenerAdapter - Downloaded http://repo.maven.apache.org/maven2/org/apache/maven/surefire/surefire/2.10/surefire-2.10.pom
2014-05-16 22:59:28,654 [Worker-2] INFO  c.n.h.c.p.n.NettyAsyncHttpProvider - Number of application's worked threads is 8
2014-05-16 22:59:29,347 [New I/O client worker #63-1] INFO  o.e.m.c.i.e.AbstractTransferListenerAdapter - Downloading http://repo.maven.apache.org/maven2/org/apache/maven/maven-parent/20/maven-parent-20.pom
2014-05-16 22:59:29,688 [New I/O client worker #63-1] INFO  o.e.m.c.i.e.AbstractTransferListenerAdapter - Downloaded http://repo.maven.apache.org/maven2/org/apache/maven/maven-parent/20/maven-parent-20.pom
2014-05-16 22:59:30,043 [Worker-2] INFO  c.n.h.c.p.n.NettyAsyncHttpProvider - Number of application's worked threads is 8
2014-05-16 22:59:31,037 [New I/O client worker #64-1] INFO  o.e.m.c.i.e.AbstractTransferListenerAdapter - Downloading http://repo.maven.apache.org/maven2/org/apache/maven/plugins/maven-jar-plugin/2.3.2/maven-jar-plugin-2.3.2.pom
2014-05-16 22:59:31,038 [New I/O client worker #64-1] INFO  o.e.m.c.i.e.AbstractTransferListenerAdapter - Downloaded http://repo.maven.apache.org/maven2/org/apache/maven/plugins/maven-jar-plugin/2.3.2/maven-jar-plugin-2.3.2.pom
2014-05-16 22:59:31,413 [Worker-2] INFO  c.n.h.c.p.n.NettyAsyncHttpProvider - Number of application's worked threads is 8
2014-05-16 22:59:32,148 [New I/O client worker #65-1] INFO  o.e.m.c.i.e.AbstractTransferListenerAdapter - Downloading http://repo.maven.apache.org/maven2/org/apache/maven/plugins/maven-plugins/21/maven-plugins-21.pom
2014-05-16 22:59:32,166 [New I/O client worker #65-1] INFO  o.e.m.c.i.e.AbstractTransferListenerAdapter - Downloaded http://repo.maven.apache.org/maven2/org/apache/maven/plugins/maven-plugins/21/maven-plugins-21.pom
2014-05-16 22:59:32,699 [Worker-2] INFO  c.n.h.c.p.n.NettyAsyncHttpProvider - Number of application's worked threads is 8
2014-05-16 22:59:33,346 [New I/O client worker #66-1] INFO  o.e.m.c.i.e.AbstractTransferListenerAdapter - Downloading http://repo.maven.apache.org/maven2/org/apache/maven/maven-archiver/2.4.2/maven-archiver-2.4.2.pom
2014-05-16 22:59:33,347 [New I/O client worker #66-1] INFO  o.e.m.c.i.e.AbstractTransferListenerAdapter - Downloaded http://repo.maven.apache.org/maven2/org/apache/maven/maven-archiver/2.4.2/maven-archiver-2.4.2.pom
2014-05-16 22:59:33,702 [Worker-2] INFO  c.n.h.c.p.n.NettyAsyncHttpProvider - Number of application's worked threads is 8
2014-05-16 22:59:34,397 [New I/O client worker #67-1] INFO  o.e.m.c.i.e.AbstractTransferListenerAdapter - Downloading http://repo.maven.apache.org/maven2/org/apache/maven/shared/maven-shared-components/16/maven-shared-components-16.pom
2014-05-16 22:59:34,437 [New I/O client worker #67-1] INFO  o.e.m.c.i.e.AbstractTransferListenerAdapter - Downloaded http://repo.maven.apache.org/maven2/org/apache/maven/shared/maven-shared-components/16/maven-shared-components-16.pom
2014-05-16 22:59:34,843 [Worker-2] INFO  c.n.h.c.p.n.NettyAsyncHttpProvider - Number of application's worked threads is 8
2014-05-16 22:59:35,487 [New I/O client worker #68-1] INFO  o.e.m.c.i.e.AbstractTransferListenerAdapter - Downloading http://repo.maven.apache.org/maven2/org/codehaus/plexus/plexus-archiver/2.0.1/plexus-archiver-2.0.1.pom
2014-05-16 22:59:35,488 [New I/O client worker #68-1] INFO  o.e.m.c.i.e.AbstractTransferListenerAdapter - Downloaded http://repo.maven.apache.org/maven2/org/codehaus/plexus/plexus-archiver/2.0.1/plexus-archiver-2.0.1.pom
2014-05-16 22:59:35,833 [Worker-2] INFO  c.n.h.c.p.n.NettyAsyncHttpProvider - Number of application's worked threads is 8
2014-05-16 22:59:36,488 [New I/O client worker #69-1] INFO  o.e.m.c.i.e.AbstractTransferListenerAdapter - Downloading http://repo.maven.apache.org/maven2/org/sonatype/spice/spice-parent/17/spice-parent-17.pom
2014-05-16 22:59:36,488 [New I/O client worker #69-1] INFO  o.e.m.c.i.e.AbstractTransferListenerAdapter - Downloaded http://repo.maven.apache.org/maven2/org/sonatype/spice/spice-parent/17/spice-parent-17.pom
2014-05-16 22:59:36,832 [Worker-2] INFO  c.n.h.c.p.n.NettyAsyncHttpProvider - Number of application's worked threads is 8
2014-05-16 22:59:37,517 [New I/O client worker #70-1] INFO  o.e.m.c.i.e.AbstractTransferListenerAdapter - Downloading http://repo.maven.apache.org/maven2/org/sonatype/forge/forge-parent/10/forge-parent-10.pom
2014-05-16 22:59:37,845 [New I/O client worker #70-1] INFO  o.e.m.c.i.e.AbstractTransferListenerAdapter - Downloaded http://repo.maven.apache.org/maven2/org/sonatype/forge/forge-parent/10/forge-parent-10.pom
2014-05-16 22:59:38,180 [Worker-2] INFO  c.n.h.c.p.n.NettyAsyncHttpProvider - Number of application's worked threads is 8
2014-05-16 22:59:38,845 [New I/O client worker #71-1] INFO  o.e.m.c.i.e.AbstractTransferListenerAdapter - Downloading http://repo.maven.apache.org/maven2/org/codehaus/plexus/plexus-utils/3.0/plexus-utils-3.0.pom
2014-05-16 22:59:38,846 [New I/O client worker #71-1] INFO  o.e.m.c.i.e.AbstractTransferListenerAdapter - Downloaded http://repo.maven.apache.org/maven2/org/codehaus/plexus/plexus-utils/3.0/plexus-utils-3.0.pom
2014-05-16 22:59:39,172 [Worker-2] INFO  c.n.h.c.p.n.NettyAsyncHttpProvider - Number of application's worked threads is 8
2014-05-16 22:59:39,997 [New I/O client worker #72-1] INFO  o.e.m.c.i.e.AbstractTransferListenerAdapter - Downloading http://repo.maven.apache.org/maven2/org/sonatype/spice/spice-parent/16/spice-parent-16.pom
2014-05-16 22:59:40,017 [New I/O client worker #72-1] INFO  o.e.m.c.i.e.AbstractTransferListenerAdapter - Downloaded http://repo.maven.apache.org/maven2/org/sonatype/spice/spice-parent/16/spice-parent-16.pom
2014-05-16 22:59:40,383 [Worker-2] INFO  c.n.h.c.p.n.NettyAsyncHttpProvider - Number of application's worked threads is 8
2014-05-16 22:59:41,128 [New I/O client worker #73-1] INFO  o.e.m.c.i.e.AbstractTransferListenerAdapter - Downloading http://repo.maven.apache.org/maven2/org/sonatype/forge/forge-parent/5/forge-parent-5.pom
2014-05-16 22:59:41,137 [New I/O client worker #73-1] INFO  o.e.m.c.i.e.AbstractTransferListenerAdapter - Downloaded http://repo.maven.apache.org/maven2/org/sonatype/forge/forge-parent/5/forge-parent-5.pom
2014-05-16 22:59:41,509 [Worker-2] INFO  c.n.h.c.p.n.NettyAsyncHttpProvider - Number of application's worked threads is 8
2014-05-16 22:59:42,217 [New I/O client worker #74-1] INFO  o.e.m.c.i.e.AbstractTransferListenerAdapter - Downloading http://repo.maven.apache.org/maven2/org/codehaus/plexus/plexus-io/2.0.1/plexus-io-2.0.1.pom
2014-05-16 22:59:42,218 [New I/O client worker #74-1] INFO  o.e.m.c.i.e.AbstractTransferListenerAdapter - Downloaded http://repo.maven.apache.org/maven2/org/codehaus/plexus/plexus-io/2.0.1/plexus-io-2.0.1.pom
2014-05-16 22:59:42,553 [Worker-2] INFO  c.n.h.c.p.n.NettyAsyncHttpProvider - Number of application's worked threads is 8
2014-05-16 22:59:43,236 [New I/O client worker #75-1] INFO  o.e.m.c.i.e.AbstractTransferListenerAdapter - Downloading http://repo.maven.apache.org/maven2/org/codehaus/plexus/plexus-components/1.1.19/plexus-components-1.1.19.pom
2014-05-16 22:59:43,237 [New I/O client worker #75-1] INFO  o.e.m.c.i.e.AbstractTransferListenerAdapter - Downloaded http://repo.maven.apache.org/maven2/org/codehaus/plexus/plexus-components/1.1.19/plexus-components-1.1.19.pom
2014-05-16 22:59:43,603 [Worker-2] INFO  c.n.h.c.p.n.NettyAsyncHttpProvider - Number of application's worked threads is 8
2014-05-16 22:59:44,289 [New I/O client worker #76-1] INFO  o.e.m.c.i.e.AbstractTransferListenerAdapter - Downloading http://repo.maven.apache.org/maven2/org/codehaus/plexus/plexus/3.0.1/plexus-3.0.1.pom
2014-05-16 22:59:44,616 [New I/O client worker #76-1] INFO  o.e.m.c.i.e.AbstractTransferListenerAdapter - Downloaded http://repo.maven.apache.org/maven2/org/codehaus/plexus/plexus/3.0.1/plexus-3.0.1.pom
2014-05-16 22:59:44,948 [Worker-2] INFO  c.n.h.c.p.n.NettyAsyncHttpProvider - Number of application's worked threads is 8
2014-05-16 22:59:45,656 [New I/O client worker #77-1] INFO  o.e.m.c.i.e.AbstractTransferListenerAdapter - Downloading http://repo.maven.apache.org/maven2/org/codehaus/plexus/plexus-interpolation/1.13/plexus-interpolation-1.13.pom
2014-05-16 22:59:45,657 [New I/O client worker #77-1] INFO  o.e.m.c.i.e.AbstractTransferListenerAdapter - Downloaded http://repo.maven.apache.org/maven2/org/codehaus/plexus/plexus-interpolation/1.13/plexus-interpolation-1.13.pom
2014-05-16 22:59:46,012 [Worker-2] INFO  c.n.h.c.p.n.NettyAsyncHttpProvider - Number of application's worked threads is 8
2014-05-16 22:59:46,747 [New I/O client worker #78-1] INFO  o.e.m.c.i.e.AbstractTransferListenerAdapter - Downloading http://repo.maven.apache.org/maven2/org/codehaus/plexus/plexus-components/1.1.15/plexus-components-1.1.15.pom
2014-05-16 22:59:46,748 [New I/O client worker #78-1] INFO  o.e.m.c.i.e.AbstractTransferListenerAdapter - Downloaded http://repo.maven.apache.org/maven2/org/codehaus/plexus/plexus-components/1.1.15/plexus-components-1.1.15.pom
2014-05-16 22:59:47,102 [Worker-2] INFO  c.n.h.c.p.n.NettyAsyncHttpProvider - Number of application's worked threads is 8
2014-05-16 22:59:47,821 [New I/O client worker #79-1] INFO  o.e.m.c.i.e.AbstractTransferListenerAdapter - Downloading http://repo.maven.apache.org/maven2/org/codehaus/plexus/plexus/2.0.3/plexus-2.0.3.pom
2014-05-16 22:59:48,167 [New I/O client worker #79-1] INFO  o.e.m.c.i.e.AbstractTransferListenerAdapter - Downloaded http://repo.maven.apache.org/maven2/org/codehaus/plexus/plexus/2.0.3/plexus-2.0.3.pom
2014-05-16 22:59:48,519 [Worker-2] INFO  c.n.h.c.p.n.NettyAsyncHttpProvider - Number of application's worked threads is 8
2014-05-16 22:59:49,187 [New I/O client worker #80-1] INFO  o.e.m.c.i.e.AbstractTransferListenerAdapter - Downloading http://repo.maven.apache.org/maven2/commons-lang/commons-lang/2.1/commons-lang-2.1.pom
2014-05-16 22:59:49,207 [New I/O client worker #80-1] INFO  o.e.m.c.i.e.AbstractTransferListenerAdapter - Downloaded http://repo.maven.apache.org/maven2/commons-lang/commons-lang/2.1/commons-lang-2.1.pom
2014-05-16 22:59:49,609 [Worker-2] INFO  c.n.h.c.p.n.NettyAsyncHttpProvider - Number of application's worked threads is 8
2014-05-16 22:59:50,278 [New I/O client worker #81-2] INFO  o.e.m.c.i.e.AbstractTransferListenerAdapter - Downloading http://repo.maven.apache.org/maven2/org/apache/maven/maven-archiver/2.4.2/maven-archiver-2.4.2.jar
2014-05-16 22:59:50,308 [New I/O client worker #81-3] INFO  o.e.m.c.i.e.AbstractTransferListenerAdapter - Downloading http://repo.maven.apache.org/maven2/org/codehaus/plexus/plexus-interpolation/1.13/plexus-interpolation-1.13.jar
2014-05-16 22:59:50,431 [New I/O client worker #81-1] INFO  o.e.m.c.i.e.AbstractTransferListenerAdapter - Downloading http://repo.maven.apache.org/maven2/junit/junit/3.8.1/junit-3.8.1.jar
2014-05-16 22:59:50,448 [New I/O client worker #81-4] INFO  o.e.m.c.i.e.AbstractTransferListenerAdapter - Downloading http://repo.maven.apache.org/maven2/org/codehaus/plexus/plexus-archiver/2.0.1/plexus-archiver-2.0.1.jar
2014-05-16 22:59:50,468 [New I/O client worker #81-5] INFO  o.e.m.c.i.e.AbstractTransferListenerAdapter - Downloading http://repo.maven.apache.org/maven2/org/codehaus/plexus/plexus-io/2.0.1/plexus-io-2.0.1.jar
2014-05-16 22:59:50,508 [New I/O client worker #81-6] INFO  o.e.m.c.i.e.AbstractTransferListenerAdapter - Downloading http://repo.maven.apache.org/maven2/commons-lang/commons-lang/2.1/commons-lang-2.1.jar
2014-05-16 22:59:50,554 [New I/O client worker #81-7] INFO  o.e.m.c.i.e.AbstractTransferListenerAdapter - Downloading http://repo.maven.apache.org/maven2/org/codehaus/plexus/plexus-utils/3.0/plexus-utils-3.0.jar
2014-05-16 22:59:50,648 [New I/O client worker #81-2] INFO  o.e.m.c.i.e.AbstractTransferListenerAdapter - Downloaded http://repo.maven.apache.org/maven2/org/apache/maven/maven-archiver/2.4.2/maven-archiver-2.4.2.jar
2014-05-16 22:59:51,168 [New I/O client worker #81-3] INFO  o.e.m.c.i.e.AbstractTransferListenerAdapter - Downloaded http://repo.maven.apache.org/maven2/org/codehaus/plexus/plexus-interpolation/1.13/plexus-interpolation-1.13.jar
2014-05-16 22:59:51,616 [New I/O client worker #81-5] INFO  o.e.m.c.i.e.AbstractTransferListenerAdapter - Downloaded http://repo.maven.apache.org/maven2/org/codehaus/plexus/plexus-io/2.0.1/plexus-io-2.0.1.jar
2014-05-16 22:59:52,246 [New I/O client worker #81-1] INFO  o.e.m.c.i.e.AbstractTransferListenerAdapter - Downloaded http://repo.maven.apache.org/maven2/junit/junit/3.8.1/junit-3.8.1.jar
2014-05-16 22:59:52,958 [New I/O client worker #81-4] INFO  o.e.m.c.i.e.AbstractTransferListenerAdapter - Downloaded http://repo.maven.apache.org/maven2/org/codehaus/plexus/plexus-archiver/2.0.1/plexus-archiver-2.0.1.jar
2014-05-16 22:59:53,056 [New I/O client worker #81-6] INFO  o.e.m.c.i.e.AbstractTransferListenerAdapter - Downloaded http://repo.maven.apache.org/maven2/commons-lang/commons-lang/2.1/commons-lang-2.1.jar
2014-05-16 22:59:53,445 [New I/O client worker #81-7] INFO  o.e.m.c.i.e.AbstractTransferListenerAdapter - Downloaded http://repo.maven.apache.org/maven2/org/codehaus/plexus/plexus-utils/3.0/plexus-utils-3.0.jar
2014-05-16 22:59:55,405 [Worker-2] INFO  c.n.h.c.p.n.NettyAsyncHttpProvider - Number of application's worked threads is 8
2014-05-16 22:59:56,062 [New I/O client worker #82-1] INFO  o.e.m.c.i.e.AbstractTransferListenerAdapter - Downloading http://repo.maven.apache.org/maven2/org/apache/maven/shared/maven-filtering/1.0/maven-filtering-1.0.pom
2014-05-16 22:59:56,063 [New I/O client worker #82-1] INFO  o.e.m.c.i.e.AbstractTransferListenerAdapter - Downloaded http://repo.maven.apache.org/maven2/org/apache/maven/shared/maven-filtering/1.0/maven-filtering-1.0.pom
2014-05-16 22:59:56,413 [Worker-2] INFO  c.n.h.c.p.n.NettyAsyncHttpProvider - Number of application's worked threads is 8
2014-05-16 22:59:57,028 [New I/O client worker #83-1] INFO  o.e.m.c.i.e.AbstractTransferListenerAdapter - Downloading http://repo.maven.apache.org/maven2/org/codehaus/plexus/plexus-utils/1.5.15/plexus-utils-1.5.15.pom
2014-05-16 22:59:57,029 [New I/O client worker #83-1] INFO  o.e.m.c.i.e.AbstractTransferListenerAdapter - Downloaded http://repo.maven.apache.org/maven2/org/codehaus/plexus/plexus-utils/1.5.15/plexus-utils-1.5.15.pom
2014-05-16 22:59:57,372 [Worker-2] INFO  c.n.h.c.p.n.NettyAsyncHttpProvider - Number of application's worked threads is 8
2014-05-16 22:59:57,998 [New I/O client worker #84-1] INFO  o.e.m.c.i.e.AbstractTransferListenerAdapter - Downloading http://repo.maven.apache.org/maven2/org/codehaus/plexus/plexus/2.0.2/plexus-2.0.2.pom
2014-05-16 22:59:58,017 [New I/O client worker #84-1] INFO  o.e.m.c.i.e.AbstractTransferListenerAdapter - Downloaded http://repo.maven.apache.org/maven2/org/codehaus/plexus/plexus/2.0.2/plexus-2.0.2.pom
2014-05-16 22:59:58,365 [Worker-2] INFO  c.n.h.c.p.n.NettyAsyncHttpProvider - Number of application's worked threads is 8
2014-05-16 22:59:59,006 [New I/O client worker #85-1] INFO  o.e.m.c.i.e.AbstractTransferListenerAdapter - Downloading http://repo.maven.apache.org/maven2/org/codehaus/plexus/plexus-interpolation/1.12/plexus-interpolation-1.12.pom
2014-05-16 22:59:59,007 [New I/O client worker #85-1] INFO  o.e.m.c.i.e.AbstractTransferListenerAdapter - Downloaded http://repo.maven.apache.org/maven2/org/codehaus/plexus/plexus-interpolation/1.12/plexus-interpolation-1.12.pom
2014-05-16 22:59:59,361 [Worker-2] INFO  c.n.h.c.p.n.NettyAsyncHttpProvider - Number of application's worked threads is 8
2014-05-16 23:00:00,029 [New I/O client worker #86-1] INFO  o.e.m.c.i.e.AbstractTransferListenerAdapter - Downloading http://repo.maven.apache.org/maven2/org/codehaus/plexus/plexus-components/1.1.14/plexus-components-1.1.14.pom
2014-05-16 23:00:00,029 [New I/O client worker #86-1] INFO  o.e.m.c.i.e.AbstractTransferListenerAdapter - Downloaded http://repo.maven.apache.org/maven2/org/codehaus/plexus/plexus-components/1.1.14/plexus-components-1.1.14.pom
2014-05-16 23:00:00,397 [Worker-2] INFO  c.n.h.c.p.n.NettyAsyncHttpProvider - Number of application's worked threads is 8
2014-05-16 23:00:01,018 [New I/O client worker #87-1] INFO  o.e.m.c.i.e.AbstractTransferListenerAdapter - Downloading http://repo.maven.apache.org/maven2/org/sonatype/plexus/plexus-build-api/0.0.4/plexus-build-api-0.0.4.pom
2014-05-16 23:00:01,019 [New I/O client worker #87-1] INFO  o.e.m.c.i.e.AbstractTransferListenerAdapter - Downloaded http://repo.maven.apache.org/maven2/org/sonatype/plexus/plexus-build-api/0.0.4/plexus-build-api-0.0.4.pom
2014-05-16 23:00:01,371 [Worker-2] INFO  c.n.h.c.p.n.NettyAsyncHttpProvider - Number of application's worked threads is 8
2014-05-16 23:00:02,056 [New I/O client worker #88-1] INFO  o.e.m.c.i.e.AbstractTransferListenerAdapter - Downloading http://repo.maven.apache.org/maven2/org/sonatype/spice/spice-parent/10/spice-parent-10.pom
2014-05-16 23:00:02,057 [New I/O client worker #88-1] INFO  o.e.m.c.i.e.AbstractTransferListenerAdapter - Downloaded http://repo.maven.apache.org/maven2/org/sonatype/spice/spice-parent/10/spice-parent-10.pom
2014-05-16 23:00:02,392 [Worker-2] INFO  c.n.h.c.p.n.NettyAsyncHttpProvider - Number of application's worked threads is 8
2014-05-16 23:00:03,066 [New I/O client worker #89-1] INFO  o.e.m.c.i.e.AbstractTransferListenerAdapter - Downloading http://repo.maven.apache.org/maven2/org/sonatype/forge/forge-parent/3/forge-parent-3.pom
2014-05-16 23:00:03,067 [New I/O client worker #89-1] INFO  o.e.m.c.i.e.AbstractTransferListenerAdapter - Downloaded http://repo.maven.apache.org/maven2/org/sonatype/forge/forge-parent/3/forge-parent-3.pom
2014-05-16 23:00:03,404 [Worker-2] INFO  c.n.h.c.p.n.NettyAsyncHttpProvider - Number of application's worked threads is 8
2014-05-16 23:00:04,036 [New I/O client worker #90-1] INFO  o.e.m.c.i.e.AbstractTransferListenerAdapter - Downloading http://repo.maven.apache.org/maven2/org/codehaus/plexus/plexus-utils/1.5.8/plexus-utils-1.5.8.pom
2014-05-16 23:00:04,037 [New I/O client worker #90-1] INFO  o.e.m.c.i.e.AbstractTransferListenerAdapter - Downloaded http://repo.maven.apache.org/maven2/org/codehaus/plexus/plexus-utils/1.5.8/plexus-utils-1.5.8.pom
2014-05-16 23:00:04,398 [Worker-2] INFO  c.n.h.c.p.n.NettyAsyncHttpProvider - Number of application's worked threads is 8
2014-05-16 23:00:05,031 [New I/O client worker #91-5] INFO  o.e.m.c.i.e.AbstractTransferListenerAdapter - Downloading http://repo.maven.apache.org/maven2/org/apache/maven/shared/maven-filtering/1.0/maven-filtering-1.0.jar
2014-05-16 23:00:05,078 [New I/O client worker #91-1] INFO  o.e.m.c.i.e.AbstractTransferListenerAdapter - Downloading http://repo.maven.apache.org/maven2/org/apache/maven/reporting/maven-reporting-api/2.0.6/maven-reporting-api-2.0.6.jar
2014-05-16 23:00:05,081 [New I/O client worker #91-1] INFO  o.e.m.c.i.e.AbstractTransferListenerAdapter - Downloaded http://repo.maven.apache.org/maven2/org/apache/maven/reporting/maven-reporting-api/2.0.6/maven-reporting-api-2.0.6.jar
2014-05-16 23:00:05,111 [New I/O client worker #91-2] INFO  o.e.m.c.i.e.AbstractTransferListenerAdapter - Downloading http://repo.maven.apache.org/maven2/org/apache/maven/doxia/doxia-sink-api/1.0-alpha-7/doxia-sink-api-1.0-alpha-7.jar
2014-05-16 23:00:05,112 [New I/O client worker #91-2] INFO  o.e.m.c.i.e.AbstractTransferListenerAdapter - Downloaded http://repo.maven.apache.org/maven2/org/apache/maven/doxia/doxia-sink-api/1.0-alpha-7/doxia-sink-api-1.0-alpha-7.jar
2014-05-16 23:00:05,120 [New I/O client worker #91-6] INFO  o.e.m.c.i.e.AbstractTransferListenerAdapter - Downloading http://repo.maven.apache.org/maven2/org/sonatype/plexus/plexus-build-api/0.0.4/plexus-build-api-0.0.4.jar
2014-05-16 23:00:05,121 [New I/O client worker #91-6] INFO  o.e.m.c.i.e.AbstractTransferListenerAdapter - Downloaded http://repo.maven.apache.org/maven2/org/sonatype/plexus/plexus-build-api/0.0.4/plexus-build-api-0.0.4.jar
2014-05-16 23:00:05,122 [New I/O client worker #91-3] INFO  o.e.m.c.i.e.AbstractTransferListenerAdapter - Downloading http://repo.maven.apache.org/maven2/commons-cli/commons-cli/1.0/commons-cli-1.0.jar
2014-05-16 23:00:05,168 [New I/O client worker #91-4] INFO  o.e.m.c.i.e.AbstractTransferListenerAdapter - Downloading http://repo.maven.apache.org/maven2/org/codehaus/plexus/plexus-interactivity-api/1.0-alpha-4/plexus-interactivity-api-1.0-alpha-4.jar
2014-05-16 23:00:05,474 [New I/O client worker #91-3] INFO  o.e.m.c.i.e.AbstractTransferListenerAdapter - Downloaded http://repo.maven.apache.org/maven2/commons-cli/commons-cli/1.0/commons-cli-1.0.jar
2014-05-16 23:00:05,485 [New I/O client worker #91-4] INFO  o.e.m.c.i.e.AbstractTransferListenerAdapter - Downloaded http://repo.maven.apache.org/maven2/org/codehaus/plexus/plexus-interactivity-api/1.0-alpha-4/plexus-interactivity-api-1.0-alpha-4.jar
2014-05-16 23:00:05,697 [New I/O client worker #91-5] INFO  o.e.m.c.i.e.AbstractTransferListenerAdapter - Downloaded http://repo.maven.apache.org/maven2/org/apache/maven/shared/maven-filtering/1.0/maven-filtering-1.0.jar
2014-05-16 23:00:07,008 [Worker-2] INFO  o.e.m.j.i.AbstractJavaProjectConfigurator - Adding source folder /axis/src/main/java
2014-05-16 23:00:07,010 [Worker-2] INFO  o.e.m.j.i.AbstractJavaProjectConfigurator - Adding resource folder /axis/src/main/resources
2014-05-16 23:00:07,010 [Worker-2] INFO  o.e.m.j.i.AbstractJavaProjectConfigurator - Adding source folder /axis/src/test/java
2014-05-16 23:00:07,011 [Worker-2] INFO  o.e.m.j.i.AbstractJavaProjectConfigurator - Adding resource folder /axis/src/test/resources
2014-05-16 23:00:07,011 [Worker-13] INFO  o.e.m.c.i.l.LifecycleMappingFactory - Using org.eclipse.m2e.jdt.JarLifecycleMapping lifecycle mapping for MavenProject: com.ffms:axis:0.0.1-SNAPSHOT @ /home/msffayaza/myPro/axis/axis/pom.xml.
2014-05-16 23:00:08,618 [Worker-9] INFO  o.e.m.c.i.l.LifecycleMappingFactory - Using org.eclipse.m2e.jdt.JarLifecycleMapping lifecycle mapping for MavenProject: com.ffms:axis:0.0.1-SNAPSHOT @ /home/msffayaza/myPro/axis/axis/pom.xml.
2014-05-16 23:00:08,687 [Worker-9] WARN  o.e.m.c.i.embedder.EclipseLogger - Using platform encoding (UTF-8 actually) to copy filtered resources, i.e. build is platform dependent!
2014-05-16 23:00:08,692 [Worker-9] INFO  o.e.m.c.i.embedder.EclipseLogger - Copying 0 resource
2014-05-16 23:00:08,696 [Worker-9] WARN  o.e.m.c.i.embedder.EclipseLogger - Using platform encoding (UTF-8 actually) to copy filtered resources, i.e. build is platform dependent!
2014-05-16 23:00:08,697 [Worker-9] INFO  o.e.m.c.i.embedder.EclipseLogger - Copying 0 resource
2014-05-17 23:26:42,801 [Worker-50] WARN  o.e.m.c.i.embedder.EclipseLogger - Using platform encoding (UTF-8 actually) to copy filtered resources, i.e. build is platform dependent!
2014-05-17 23:26:42,805 [Worker-50] INFO  o.e.m.c.i.embedder.EclipseLogger - Copying 0 resource
2014-05-17 23:26:42,808 [Worker-50] WARN  o.e.m.c.i.embedder.EclipseLogger - Using platform encoding (UTF-8 actually) to copy filtered resources, i.e. build is platform dependent!
2014-05-17 23:26:42,809 [Worker-50] INFO  o.e.m.c.i.embedder.EclipseLogger - Copying 0 resource
2014-05-17 23:28:12,476 [Worker-52] WARN  o.e.m.c.i.embedder.EclipseLogger - Using platform encoding (UTF-8 actually) to copy filtered resources, i.e. build is platform dependent!
2014-05-17 23:28:12,477 [Worker-52] INFO  o.e.m.c.i.embedder.EclipseLogger - Copying 0 resource
2014-05-17 23:28:12,480 [Worker-52] WARN  o.e.m.c.i.embedder.EclipseLogger - Using platform encoding (UTF-8 actually) to copy filtered resources, i.e. build is platform dependent!
2014-05-17 23:28:12,481 [Worker-52] INFO  o.e.m.c.i.embedder.EclipseLogger - Copying 0 resource
2014-05-17 23:28:35,556 [Worker-50] WARN  o.e.m.c.i.embedder.EclipseLogger - Using platform encoding (UTF-8 actually) to copy filtered resources, i.e. build is platform dependent!
2014-05-17 23:28:35,558 [Worker-50] INFO  o.e.m.c.i.embedder.EclipseLogger - Copying 0 resource
2014-05-17 23:28:35,562 [Worker-50] WARN  o.e.m.c.i.embedder.EclipseLogger - Using platform encoding (UTF-8 actually) to copy filtered resources, i.e. build is platform dependent!
2014-05-17 23:28:35,563 [Worker-50] INFO  o.e.m.c.i.embedder.EclipseLogger - Copying 0 resource
2014-05-17 23:36:43,166 [Worker-51] WARN  o.e.m.c.i.embedder.EclipseLogger - Using platform encoding (UTF-8 actually) to copy filtered resources, i.e. build is platform dependent!
2014-05-17 23:36:43,169 [Worker-51] INFO  o.e.m.c.i.embedder.EclipseLogger - Copying 1 resource
2014-05-17 23:36:43,180 [Worker-51] WARN  o.e.m.c.i.embedder.EclipseLogger - Using platform encoding (UTF-8 actually) to copy filtered resources, i.e. build is platform dependent!
2014-05-17 23:36:43,181 [Worker-51] INFO  o.e.m.c.i.embedder.EclipseLogger - Copying 0 resource
2014-05-19 00:14:34,579 [Worker-109] WARN  o.e.m.c.i.embedder.EclipseLogger - Using platform encoding (UTF-8 actually) to copy filtered resources, i.e. build is platform dependent!
2014-05-19 00:14:34,581 [Worker-109] INFO  o.e.m.c.i.embedder.EclipseLogger - Copying 1 resource
2014-05-19 00:14:34,585 [Worker-109] WARN  o.e.m.c.i.embedder.EclipseLogger - Using platform encoding (UTF-8 actually) to copy filtered resources, i.e. build is platform dependent!
2014-05-19 00:14:34,586 [Worker-109] INFO  o.e.m.c.i.embedder.EclipseLogger - Copying 0 resource
2014-05-19 10:18:24,168 [Worker-16] WARN  o.e.m.c.i.embedder.EclipseLogger - Using platform encoding (UTF-8 actually) to copy filtered resources, i.e. build is platform dependent!
2014-05-19 10:18:24,210 [Worker-16] INFO  o.e.m.c.i.embedder.EclipseLogger - Copying 1 resource
2014-05-19 10:18:24,224 [Worker-16] WARN  o.e.m.c.i.embedder.EclipseLogger - Using platform encoding (UTF-8 actually) to copy filtered resources, i.e. build is platform dependent!
2014-05-19 10:18:24,225 [Worker-16] INFO  o.e.m.c.i.embedder.EclipseLogger - Copying 0 resource
